<?xml version="1.0" encoding="UTF-8"?>
<testng-results skipped="0" failed="0" ignored="0" total="1" passed="1">
  <reporter-output>
  </reporter-output>
  <suite name="Default suite" duration-ms="29" started-at="2019-08-01T21:25:43Z" finished-at="2019-08-01T21:25:43Z">
    <groups>
    </groups>
    <test name="Default test" duration-ms="29" started-at="2019-08-01T21:25:43Z" finished-at="2019-08-01T21:25:43Z">
      <class name="javaquestions.Arrayques">
        <test-method status="PASS" signature="array()[pri:0, instance:javaquestions.Arrayques@60d8c9b7]" name="array" duration-ms="8" started-at="2019-08-01T21:25:43Z" finished-at="2019-08-01T21:25:43Z">
          <reporter-output>
          </reporter-output>
        </test-method> <!-- array -->
      </class> <!-- javaquestions.Arrayques -->
    </test> <!-- Default test -->
  </suite> <!-- Default suite -->
</testng-results>
